github/new_test_Fee3/proguard.cfg

-optimizationpasses 5
-dontusemixedcaseclassnames
-dontskipnonpubliclibraryclasses
-dontpreverify
-ignorewarnings 
-verbose
-optimizations !code/simplification/arithmetic,!field/*,!class/merging/*
-dontskipnonpubliclibraryclassmembers
-dontwarn com.ehoo.** 
-libraryjars libs/AnAnPat1.1.6.jar
-libraryjars libs/fanhe_pay1.0.2.jar
-libraryjars libs/iap_cmcc_youshu_1.0.9.jar
-libraryjars libs/ZTYSDK_SA_JJ.jar

-keep public class * extends android.app.Activity 
-keep public class * extends android.app.Application
-keep public class * extends android.app.Service
-keep public class * extends android.content.BroadcastReceiver
-keep public class * extends android.content.ContentProvider
-keep public class * extends android.app.backup.BackupAgentHelper
-keep public class * extends android.preference.Preference
-keep public class * extends java.net.URLDecoder
-keep public class com.android.vending.licensing.ILicensingService
-keepclasseswithmembernames class * {
    native <methods>;
}
-keepclasseswithmembernames class * {
    public <init>(android.content.Context, android.util.AttributeSet);
}
-keepclasseswithmembernames class * {
    public <init>(android.content.Context, android.util.AttributeSet, int);
}
-keepclassmembers enum * {
    public static **[] values();
    public static ** valueOf(java.lang.String);
}

-keep class * implements android.os.Parcelable {
  public static final android.os.Parcelable$Creator *;
} 


-keep class **.R$* {   *;  }
-keepattributes Exceptions,InnerClasses,Signature,SourceFile,LineNumberTable
-keepattributes *Annotation*
-keepattributes JavascriptInterface

-keep class com.iap.**{*;}
-keep class mobi.zty.**{*;}
-keep class cn.banny.**{*;}
-keep class mm.api.**{*;}
-keep class rp.**{*;}
-keep class mm.iap.**{*;}
-keep class com.tg52.**{*;}
-keep class com.unicom.**{*;}