github/new_test_Fee3/proguard/seeds.txt
com.iap.youshu.IAP108Reply1
com.iap.youshu.IAP108Reply1: java.lang.String m_sid
com.iap.youshu.IAP108Reply1: int m_notify
com.iap.youshu.IAP108Reply1: int m_count
com.iap.youshu.IAP108Reply1: int m_result
com.iap.youshu.IAP108Reply1: java.lang.String[] urls
com.iap.youshu.IAP108Reply1: java.lang.String[] bodys
com.iap.youshu.IAP108Reply1: IAP108Reply1()
com.iap.youshu.IAP108Reply1: com.iap.youshu.IAP108Reply1 parseFromJson(java.lang.String)
com.iap.youshu.IAP108Reply1: java.lang.String getSID()
com.iap.youshu.IAP108Reply1: int getNotify()
com.iap.youshu.IAP108Reply1: int getCount()
com.iap.youshu.IAP108Reply1: int getResult()
com.iap.youshu.IAP108Reply1: java.lang.String getUrls(int)
com.iap.youshu.IAP108Reply1: byte[] getBodys(int)
com.iap.youshu.IAP108Reply1: int do108Opertion(java.lang.String,java.lang.String,java.lang.String,java.lang.String,java.lang.String,java.lang.String,java.lang.String,java.lang.String)
com.iap.youshu.IAP108Reply1: int do109Opertion(java.lang.String,java.lang.String,java.lang.String,java.lang.String,java.lang.String,java.lang.String,java.lang.String,java.lang.String)
com.iap.youshu.IAP108Reply1: int do110Opertion(java.lang.String,java.lang.String,java.lang.String,java.lang.String,java.lang.String,java.lang.String,java.lang.String,java.lang.String)
com.iap.youshu.IAP108Reply1: int doOperation(java.lang.String,java.lang.String,java.lang.String,java.lang.String,java.lang.String,java.lang.String,java.lang.String,java.lang.String,java.lang.String)
com.iap.youshu.IAPMTKPayment
com.iap.youshu.IAPMTKPayment: java.lang.String m_sms_data
com.iap.youshu.IAPMTKPayment: java.lang.String m_sms_bin
com.iap.youshu.IAPMTKPayment: java.lang.String m_sms_port
com.iap.youshu.IAPMTKPayment: int m_notify
com.iap.youshu.IAPMTKPayment: java.lang.String m_sid
com.iap.youshu.IAPMTKPayment: java.lang.String m_provider
com.iap.youshu.IAPMTKPayment: java.lang.String m_app_name
com.iap.youshu.IAPMTKPayment: java.lang.String m_paycode_name
com.iap.youshu.IAPMTKPayment: int m_dst_display
com.iap.youshu.IAPMTKPayment: int m_result
com.iap.youshu.IAPMTKPayment: boolean m_sms
com.iap.youshu.IAPMTKPayment: boolean m_notify_page
com.iap.youshu.IAPMTKPayment: boolean m_confirm_page
com.iap.youshu.IAPMTKPayment: java.lang.String m_app_price
com.iap.youshu.IAPMTKPayment: java.lang.String m_url
com.iap.youshu.IAPMTKPayment: java.lang.String m_tid
com.iap.youshu.IAPMTKPayment: java.lang.String m_paycode
com.iap.youshu.IAPMTKPayment: java.lang.String m_channel
com.iap.youshu.IAPMTKPayment: java.lang.String m_app_id
com.iap.youshu.IAPMTKPayment: java.lang.String m_channel_id
com.iap.youshu.IAPMTKPayment: IAPMTKPayment()
com.iap.youshu.IAPMTKPayment: com.iap.youshu.IAPMTKPayment parseFromMTKJson(java.lang.String,java.lang.String,java.lang.String,java.lang.String,java.lang.String)
com.iap.youshu.IAPMTKPayment: java.lang.String getSms_data()
com.iap.youshu.IAPMTKPayment: byte[] getSms_bin()
com.iap.youshu.IAPMTKPayment: java.lang.String getSms_port()
com.iap.youshu.IAPNotify
com.iap.youshu.IAPNotify: int m_status
com.iap.youshu.IAPNotify: java.lang.String m_body
com.iap.youshu.IAPNotify: java.lang.String m_operation
com.iap.youshu.IAPNotify: java.lang.String m_params
com.iap.youshu.IAPNotify: IAPNotify(int,java.lang.String,java.lang.String,java.lang.String)
com.iap.youshu.IAPNotify: int getM_status()
com.iap.youshu.IAPNotify: java.lang.String getBody()
com.iap.youshu.IAPNotify: java.lang.String getOperation()
com.iap.youshu.IAPNotify: java.lang.String getParams()
com.iap.youshu.IAPNotify: org.json.JSONObject getJSON()
com.iap.youshu.IAPNotify: java.lang.String getJSONString()
com.iap.youshu.IAPNotify: void sendNotify(java.lang.String,java.lang.String,int,java.lang.String,java.lang.String)