github/new_test_Fee3/proguard/mapping.txt
com.iap.youshu.IAP108Reply1 -> com.iap.youshu.IAP108Reply1:
    java.lang.String m_sid -> m_sid
    int m_notify -> m_notify
    int m_count -> m_count
    int m_result -> m_result
    java.lang.String[] urls -> urls
    java.lang.String[] bodys -> bodys
    30:80:com.iap.youshu.IAP108Reply1 parseFromJson(java.lang.String) -> parseFromJson
    85:85:java.lang.String getSID() -> getSID
    90:90:int getNotify() -> getNotify
    94:94:int getCount() -> getCount
    98:98:int getResult() -> getResult
    102:105:java.lang.String getUrls(int) -> getUrls
    110:115:byte[] getBodys(int) -> getBodys
    131:131:int do108Opertion(java.lang.String,java.lang.String,java.lang.String,java.lang.String,java.lang.String,java.lang.String,java.lang.String,java.lang.String) -> do108Opertion
    136:136:int do109Opertion(java.lang.String,java.lang.String,java.lang.String,java.lang.String,java.lang.String,java.lang.String,java.lang.String,java.lang.String) -> do109Opertion
    141:141:int do110Opertion(java.lang.String,java.lang.String,java.lang.String,java.lang.String,java.lang.String,java.lang.String,java.lang.String,java.lang.String) -> do110Opertion
    147:246:int doOperation(java.lang.String,java.lang.String,java.lang.String,java.lang.String,java.lang.String,java.lang.String,java.lang.String,java.lang.String,java.lang.String) -> doOperation
com.iap.youshu.IAPMTKPayment -> com.iap.youshu.IAPMTKPayment:
    java.lang.String m_sms_data -> m_sms_data
    java.lang.String m_sms_bin -> m_sms_bin
    java.lang.String m_sms_port -> m_sms_port
    int m_notify -> m_notify
    java.lang.String m_sid -> m_sid
    java.lang.String m_provider -> m_provider
    java.lang.String m_app_name -> m_app_name
    java.lang.String m_paycode_name -> m_paycode_name
    int m_dst_display -> m_dst_display
    int m_result -> m_result
    boolean m_sms -> m_sms
    boolean m_notify_page -> m_notify_page
    boolean m_confirm_page -> m_confirm_page
    java.lang.String m_app_price -> m_app_price
    java.lang.String m_url -> m_url
    java.lang.String m_tid -> m_tid
    java.lang.String m_paycode -> m_paycode
    java.lang.String m_channel -> m_channel
    java.lang.String m_app_id -> m_app_id
    java.lang.String m_channel_id -> m_channel_id
    50:112:com.iap.youshu.IAPMTKPayment parseFromMTKJson(java.lang.String,java.lang.String,java.lang.String,java.lang.String,java.lang.String) -> parseFromMTKJson
    118:121:java.lang.String getSms_data() -> getSms_data
    125:128:byte[] getSms_bin() -> getSms_bin
    132:132:java.lang.String getSms_port() -> getSms_port
    136:136:int getNotify() -> getNotify
    140:140:java.lang.String getSID() -> getSID
    145:150:java.lang.String getProvider() -> getProvider
    156:161:java.lang.String getApp_name() -> getApp_name
    167:172:java.lang.String getPaycode_name() -> getPaycode_name
com.iap.youshu.IAPNotify -> com.iap.youshu.IAPNotify:
    int m_status -> m_status
    java.lang.String m_body -> m_body
    java.lang.String m_operation -> m_operation
    java.lang.String m_params -> m_params
    28:28:int getM_status() -> getM_status
    32:32:java.lang.String getBody() -> getBody
    36:36:java.lang.String getOperation() -> getOperation
    40:40:java.lang.String getParams() -> getParams
    44:61:org.json.JSONObject getJSON() -> getJSON
    65:69:java.lang.String getJSONString() -> getJSONString
    73:114:void sendNotify(java.lang.String,java.lang.String,int,java.lang.String,java.lang.String) -> sendNotify
com.iap.youshu.IAPParameter -> com.iap.youshu.IAPParameter:
    java.lang.String m_params -> m_params
    15:27:org.json.JSONObject getJSON() -> getJSON
    31:35:java.lang.String getJSONString() -> getJSONString