github/new_test_Fee3/proguard/usage.txt
com.pansen.zumalocal.BuildConfig
com.pansen.zumalocal.R:
    10:10:public R()